<?xml version="1.0" encoding="UTF-8"?>
<!-- Generated by org.testng.reporters.JUnitReportReporter -->
<testsuite skipped="0" hostname="Maruthis-MacBook-Pro.local" name="tests.TestRunner" tests="1" failures="0" timestamp="13 Feb 2019 19:35:34 GMT" time="37.309" errors="0">
  <testcase name="runScenario" time="37.309" classname="tests.TestRunner"/>
</testsuite> <!-- tests.TestRunner -->
