<?xml version="1.0" encoding="UTF-8"?>
<!-- Generated by org.testng.reporters.JUnitReportReporter -->
<testsuite skipped="0" hostname="Maruthis-MacBook-Pro.local" name="CapGemini.AutomationPractice.Logout_Test" tests="2" failures="0" timestamp="11 Feb 2019 16:29:12 GMT" time="13.712" errors="0">
  <testcase name="Setup" time="4.340" classname="CapGemini.AutomationPractice.Logout_Test"/>
  <testcase name="Login_Logout" time="9.372" classname="CapGemini.AutomationPractice.Logout_Test"/>
</testsuite> <!-- CapGemini.AutomationPractice.Logout_Test -->
