<?xml version="1.0" encoding="UTF-8"?>
<!-- Generated by org.testng.reporters.JUnitReportReporter -->
<testsuite skipped="0" hostname="Maruthis-MacBook-Pro.local" name="tests.Logout_Test" tests="2" failures="0" timestamp="21 Feb 2019 17:49:11 GMT" time="16.585" errors="0">
  <testcase name="Setup" time="8.137" classname="tests.Logout_Test"/>
  <testcase name="Login_Logout" time="8.448" classname="tests.Logout_Test"/>
</testsuite> <!-- tests.Logout_Test -->
