<?xml version="1.0" encoding="UTF-8"?>
<!-- Generated by org.testng.reporters.JUnitReportReporter -->
<testsuite skipped="0" hostname="Maruthis-MacBook-Pro.local" name="tests.Login_Test" tests="2" failures="0" timestamp="21 Feb 2019 17:49:11 GMT" time="67.080" errors="0">
  <testcase name="Setup" time="52.362" classname="tests.Login_Test"/>
  <testcase name="Login_Successful" time="14.718" classname="tests.Login_Test"/>
</testsuite> <!-- tests.Login_Test -->
