<?xml version="1.0" encoding="UTF-8"?>
<!-- Generated by org.testng.reporters.JUnitReportReporter -->
<testsuite skipped="0" hostname="Maruthis-MacBook-Pro.local" name="CapGemini.AutomationPractice.Login_Test" tests="2" failures="0" timestamp="11 Feb 2019 20:56:28 GMT" time="22.547" errors="0">
  <testcase name="Login_Successful" time="9.108" classname="CapGemini.AutomationPractice.Login_Test"/>
  <testcase name="Setup" time="13.439" classname="CapGemini.AutomationPractice.Login_Test"/>
</testsuite> <!-- CapGemini.AutomationPractice.Login_Test -->
