<?xml version="1.0" encoding="UTF-8"?>
<!-- Generated by org.testng.reporters.JUnitReportReporter -->
<testsuite skipped="0" hostname="Maruthis-MacBook-Pro.local" name="CapGemini.AutomationPractice.Login_Test" tests="2" failures="0" timestamp="31 Jan 2019 11:42:15 GMT" time="9.646" errors="0">
  <testcase name="Setup" time="2.731" classname="CapGemini.AutomationPractice.Login_Test"/>
  <testcase name="Login_Successful" time="6.915" classname="CapGemini.AutomationPractice.Login_Test"/>
</testsuite> <!-- CapGemini.AutomationPractice.Login_Test -->
