<?xml version="1.0" encoding="UTF-8"?>
<!-- Generated by org.testng.reporters.JUnitReportReporter -->
<testsuite skipped="0" hostname="Maruthis-MacBook-Pro.local" name="CapGemini.AutomationPractice.CreateAccount_Test" tests="2" failures="0" timestamp="31 Jan 2019 11:42:15 GMT" time="16.837" errors="0">
  <testcase name="signin_CreateAccount" time="13.257" classname="CapGemini.AutomationPractice.CreateAccount_Test"/>
  <testcase name="Setup" time="3.580" classname="CapGemini.AutomationPractice.CreateAccount_Test"/>
</testsuite> <!-- CapGemini.AutomationPractice.CreateAccount_Test -->
