<?xml version="1.0" encoding="UTF-8"?>
<!-- Generated by org.testng.reporters.JUnitReportReporter -->
<testsuite skipped="0" hostname="Maruthis-MacBook-Pro.local" name="CapGemini.AutomationPractice.Logout_Test" tests="2" failures="0" timestamp="31 Jan 2019 11:42:15 GMT" time="11.624" errors="0">
  <testcase name="Login_Logout" time="8.959" classname="CapGemini.AutomationPractice.Logout_Test"/>
  <testcase name="Setup" time="2.665" classname="CapGemini.AutomationPractice.Logout_Test"/>
</testsuite> <!-- CapGemini.AutomationPractice.Logout_Test -->
