<?xml version="1.0" encoding="UTF-8"?>
<!-- Generated by org.testng.reporters.JUnitReportReporter -->
<testsuite skipped="0" hostname="Maruthis-MacBook-Pro.local" name="CapGemini.AutomationPractice.Logout_Test" tests="2" failures="0" timestamp="11 Feb 2019 20:30:56 GMT" time="14.135" errors="0">
  <testcase name="Setup" time="4.770" classname="CapGemini.AutomationPractice.Logout_Test"/>
  <testcase name="Login_Logout" time="9.365" classname="CapGemini.AutomationPractice.Logout_Test"/>
</testsuite> <!-- CapGemini.AutomationPractice.Logout_Test -->
