<?xml version="1.0" encoding="UTF-8"?>
<!-- Generated by org.testng.reporters.JUnitReportReporter -->
<testsuite skipped="0" hostname="Maruthis-MacBook-Pro.local" name="stepdefinitions.LoginSteps" tests="1" failures="0" timestamp="13 Feb 2019 17:19:10 GMT" time="5.741" errors="0">
  <testcase name="Setup" time="5.741" classname="stepdefinitions.LoginSteps"/>
</testsuite> <!-- stepdefinitions.LoginSteps -->
